# JRE version: OpenJDK Runtime Environment (17.0.10) (build 17.0.10+0--11572160)
# Java VM: OpenJDK 64-Bit Server VM (17.0.10+0--11572160, mixed mode, tiered, compressed oops, compressed class ptrs, g1 gc, windows-amd64)
GC Precious Log:
 CPUs: 4 total, 4 available
 Memory: 7246M
 Large Page Support: Disabled
 NUMA Support: Disabled
 Compressed Oops: Enabled (32-bit)
 Heap Region Size: 1M
 Heap Min Capacity: 8M
 Heap Initial Capacity: 114M
 Heap Max Capacity: 2G
 Pre-touch: Disabled
 Parallel Workers: 4
 Concurrent Workers: 1
 Concurrent Refinement Workers: 4
 Periodic GC: Disabled
Heap:
 garbage-first heap   total 368640K, used 122248K [0x0000000080000000, 0x0000000100000000)
  region size 1024K, 3 young (3072K), 3 survivors (3072K)
 Metaspace       used 150500K, committed 153088K, reserved 1245184K
  class space    used 20092K, committed 21248K, reserved 1048576K
GC Heap History (20 events):
Event: 16586.856 GC heap after
{Heap after GC invocations=157 (full 1):
 garbage-first heap   total 337920K, used 94080K [0x0000000080000000, 0x0000000100000000)
  region size 1024K, 2 young (2048K), 2 survivors (2048K)
 Metaspace       used 149948K, committed 153024K, reserved 1245184K
  class space    used 20025K, committed 21248K, reserved 1048576K
}
Event: 16589.061 GC heap before
{Heap before GC invocations=157 (full 1):
 garbage-first heap   total 337920K, used 108416K [0x0000000080000000, 0x0000000100000000)
  region size 1024K, 16 young (16384K), 2 survivors (2048K)
 Metaspace       used 149998K, committed 153024K, reserved 1245184K
  class space    used 20031K, committed 21248K, reserved 1048576K
}
Event: 16589.641 GC heap after
{Heap after GC invocations=158 (full 1):
 garbage-first heap   total 337920K, used 96932K [0x0000000080000000, 0x0000000100000000)
  region size 1024K, 2 young (2048K), 2 survivors (2048K)
 Metaspace       used 149998K, committed 153024K, reserved 1245184K
  class space    used 20031K, committed 21248K, reserved 1048576K
}
Event: 16591.224 GC heap before
{Heap before GC invocations=159 (full 1):
 garbage-first heap   total 331776K, used 111268K [0x0000000080000000, 0x0000000100000000)
  region size 1024K, 16 young (16384K), 2 survivors (2048K)
 Metaspace       used 150092K, committed 153088K, reserved 1245184K
  class space    used 20045K, committed 21248K, reserved 1048576K
}
Event: 16592.155 GC heap after
{Heap after GC invocations=160 (full 1):
 garbage-first heap   total 331776K, used 99913K [0x0000000080000000, 0x0000000100000000)
  region size 1024K, 2 young (2048K), 2 survivors (2048K)
 Metaspace       used 150092K, committed 153088K, reserved 1245184K
  class space    used 20045K, committed 21248K, reserved 1048576K
}
Event: 16593.113 GC heap before
{Heap before GC invocations=160 (full 1):
 garbage-first heap   total 331776K, used 114249K [0x0000000080000000, 0x0000000100000000)
  region size 1024K, 16 young (16384K), 2 survivors (2048K)
 Metaspace       used 150119K, committed 153088K, reserved 1245184K
  class space    used 20049K, committed 21248K, reserved 1048576K
}
Event: 16594.197 GC heap after
{Heap after GC invocations=161 (full 1):
 garbage-first heap   total 995328K, used 102430K [0x0000000080000000, 0x0000000100000000)
  region size 1024K, 2 young (2048K), 2 survivors (2048K)
 Metaspace       used 150119K, committed 153088K, reserved 1245184K
  class space    used 20049K, committed 21248K, reserved 1048576K
}
Event: 16602.568 GC heap before
{Heap before GC invocations=162 (full 1):
 garbage-first heap   total 372736K, used 118814K [0x0000000080000000, 0x0000000100000000)
  region size 1024K, 18 young (18432K), 2 survivors (2048K)
 Metaspace       used 150125K, committed 153088K, reserved 1245184K
  class space    used 20049K, committed 21248K, reserved 1048576K
}
Event: 16603.205 GC heap after
{Heap after GC invocations=163 (full 1):
 garbage-first heap   total 372736K, used 104493K [0x0000000080000000, 0x0000000100000000)
  region size 1024K, 2 young (2048K), 2 survivors (2048K)
 Metaspace       used 150125K, committed 153088K, reserved 1245184K
  class space    used 20049K, committed 21248K, reserved 1048576K
}
Event: 16605.408 GC heap before
{Heap before GC invocations=163 (full 1):
 garbage-first heap   total 372736K, used 120877K [0x0000000080000000, 0x0000000100000000)
  region size 1024K, 18 young (18432K), 2 survivors (2048K)
 Metaspace       used 150322K, committed 153088K, reserved 1245184K
  class space    used 20067K, committed 21248K, reserved 1048576K
}
Event: 16606.139 GC heap after
{Heap after GC invocations=164 (full 1):
 garbage-first heap   total 372736K, used 107196K [0x0000000080000000, 0x0000000100000000)
  region size 1024K, 3 young (3072K), 3 survivors (3072K)
 Metaspace       used 150322K, committed 153088K, reserved 1245184K
  class space    used 20067K, committed 21248K, reserved 1048576K
}
Event: 16731.298 GC heap before
{Heap before GC invocations=165 (full 1):
 garbage-first heap   total 368640K, used 121532K [0x0000000080000000, 0x0000000100000000)
  region size 1024K, 18 young (18432K), 3 survivors (3072K)
 Metaspace       used 150449K, committed 153088K, reserved 1245184K
  class space    used 20086K, committed 21248K, reserved 1048576K
}
Event: 16731.951 GC heap after
{Heap after GC invocations=166 (full 1):
 garbage-first heap   total 368640K, used 108241K [0x0000000080000000, 0x0000000100000000)
  region size 1024K, 2 young (2048K), 2 survivors (2048K)
 Metaspace       used 150449K, committed 153088K, reserved 1245184K
  class space    used 20086K, committed 21248K, reserved 1048576K
}
Event: 16732.404 GC heap before
{Heap before GC invocations=166 (full 1):
 garbage-first heap   total 368640K, used 124625K [0x0000000080000000, 0x0000000100000000)
  region size 1024K, 18 young (18432K), 2 survivors (2048K)
 Metaspace       used 150449K, committed 153088K, reserved 1245184K
  class space    used 20086K, committed 21248K, reserved 1048576K
}
Event: 16732.747 GC heap after
{Heap after GC invocations=167 (full 1):
 garbage-first heap   total 368640K, used 111643K [0x0000000080000000, 0x0000000100000000)
  region size 1024K, 3 young (3072K), 3 survivors (3072K)
 Metaspace       used 150449K, committed 153088K, reserved 1245184K
  class space    used 20086K, committed 21248K, reserved 1048576K
}
Event: 16733.081 GC heap before
{Heap before GC invocations=167 (full 1):
 garbage-first heap   total 368640K, used 127003K [0x0000000080000000, 0x0000000100000000)
  region size 1024K, 18 young (18432K), 3 survivors (3072K)
 Metaspace       used 150476K, committed 153088K, reserved 1245184K
  class space    used 20090K, committed 21248K, reserved 1048576K
}
Event: 16733.815 GC heap after
{Heap after GC invocations=168 (full 1):
 garbage-first heap   total 368640K, used 115516K [0x0000000080000000, 0x0000000100000000)
  region size 1024K, 3 young (3072K), 3 survivors (3072K)
 Metaspace       used 150476K, committed 153088K, reserved 1245184K
  class space    used 20090K, committed 21248K, reserved 1048576K
}
Event: 16734.596 GC heap before
{Heap before GC invocations=169 (full 1):
 garbage-first heap   total 368640K, used 130876K [0x0000000080000000, 0x0000000100000000)
  region size 1024K, 18 young (18432K), 3 survivors (3072K)
 Metaspace       used 150487K, committed 153088K, reserved 1245184K
  class space    used 20092K, committed 21248K, reserved 1048576K
}
Event: 16735.258 GC heap after
{Heap after GC invocations=170 (full 1):
 garbage-first heap   total 368640K, used 118936K [0x0000000080000000, 0x0000000100000000)
  region size 1024K, 3 young (3072K), 3 survivors (3072K)
 Metaspace       used 150487K, committed 153088K, reserved 1245184K
  class space    used 20092K, committed 21248K, reserved 1048576K
}
Event: 16735.579 GC heap before
{Heap before GC invocations=170 (full 1):
 garbage-first heap   total 368640K, used 134296K [0x0000000080000000, 0x0000000100000000)
  region size 1024K, 18 young (18432K), 3 survivors (3072K)
 Metaspace       used 150500K, committed 153088K, reserved 1245184K
  class space    used 20092K, committed 21248K, reserved 1048576K
}

