# JRE version: OpenJDK Runtime Environment (17.0.10) (build 17.0.10+0--11572160)
# Java VM: OpenJDK 64-Bit Server VM (17.0.10+0--11572160, mixed mode, tiered, compressed oops, compressed class ptrs, g1 gc, windows-amd64)
GC Precious Log:
 CPUs: 4 total, 4 available
 Memory: 7246M
 Large Page Support: Disabled
 NUMA Support: Disabled
 Compressed Oops: Enabled (32-bit)
 Heap Region Size: 1M
 Heap Min Capacity: 8M
 Heap Initial Capacity: 114M
 Heap Max Capacity: 1812M
 Pre-touch: Disabled
 Parallel Workers: 4
 Concurrent Workers: 1
 Concurrent Refinement Workers: 4
 Periodic GC: Disabled
Heap:
 garbage-first heap   total 119808K, used 57162K [0x000000008ec00000, 0x0000000100000000)
  region size 1024K, 1 young (1024K), 1 survivors (1024K)
 Metaspace       used 63051K, committed 63360K, reserved 1114112K
  class space    used 7206K, committed 7360K, reserved 1048576K
GC Heap History (20 events):
Event: 29.862 GC heap after
{Heap after GC invocations=25 (full 0):
 garbage-first heap   total 70656K, used 38383K [0x000000008ec00000, 0x0000000100000000)
  region size 1024K, 3 young (3072K), 3 survivors (3072K)
 Metaspace       used 52113K, committed 52352K, reserved 1114112K
  class space    used 6275K, committed 6400K, reserved 1048576K
}
Event: 31.854 GC heap before
{Heap before GC invocations=26 (full 0):
 garbage-first heap   total 70656K, used 54767K [0x000000008ec00000, 0x0000000100000000)
  region size 1024K, 19 young (19456K), 3 survivors (3072K)
 Metaspace       used 53367K, committed 53632K, reserved 1114112K
  class space    used 6349K, committed 6464K, reserved 1048576K
}
Event: 31.878 GC heap after
{Heap after GC invocations=27 (full 0):
 garbage-first heap   total 70656K, used 42176K [0x000000008ec00000, 0x0000000100000000)
  region size 1024K, 3 young (3072K), 3 survivors (3072K)
 Metaspace       used 53367K, committed 53632K, reserved 1114112K
  class space    used 6349K, committed 6464K, reserved 1048576K
}
Event: 31.988 GC heap before
{Heap before GC invocations=27 (full 0):
 garbage-first heap   total 70656K, used 43200K [0x000000008ec00000, 0x0000000100000000)
  region size 1024K, 4 young (4096K), 3 survivors (3072K)
 Metaspace       used 53414K, committed 53696K, reserved 1114112K
  class space    used 6349K, committed 6464K, reserved 1048576K
}
Event: 32.005 GC heap after
{Heap after GC invocations=28 (full 0):
 garbage-first heap   total 94208K, used 40440K [0x000000008ec00000, 0x0000000100000000)
  region size 1024K, 1 young (1024K), 1 survivors (1024K)
 Metaspace       used 53414K, committed 53696K, reserved 1114112K
  class space    used 6349K, committed 6464K, reserved 1048576K
}
Event: 35.287 GC heap before
{Heap before GC invocations=28 (full 0):
 garbage-first heap   total 94208K, used 69112K [0x000000008ec00000, 0x0000000100000000)
  region size 1024K, 29 young (29696K), 1 survivors (1024K)
 Metaspace       used 54642K, committed 54912K, reserved 1114112K
  class space    used 6419K, committed 6528K, reserved 1048576K
}
Event: 35.313 GC heap after
{Heap after GC invocations=29 (full 0):
 garbage-first heap   total 94208K, used 45326K [0x000000008ec00000, 0x0000000100000000)
  region size 1024K, 4 young (4096K), 4 survivors (4096K)
 Metaspace       used 54642K, committed 54912K, reserved 1114112K
  class space    used 6419K, committed 6528K, reserved 1048576K
}
Event: 37.770 GC heap before
{Heap before GC invocations=29 (full 0):
 garbage-first heap   total 94208K, used 68878K [0x000000008ec00000, 0x0000000100000000)
  region size 1024K, 28 young (28672K), 4 survivors (4096K)
 Metaspace       used 57365K, committed 57600K, reserved 1114112K
  class space    used 6760K, committed 6848K, reserved 1048576K
}
Event: 37.804 GC heap after
{Heap after GC invocations=30 (full 0):
 garbage-first heap   total 94208K, used 48042K [0x000000008ec00000, 0x0000000100000000)
  region size 1024K, 3 young (3072K), 3 survivors (3072K)
 Metaspace       used 57365K, committed 57600K, reserved 1114112K
  class space    used 6760K, committed 6848K, reserved 1048576K
}
Event: 40.693 GC heap before
{Heap before GC invocations=30 (full 0):
 garbage-first heap   total 94208K, used 70570K [0x000000008ec00000, 0x0000000100000000)
  region size 1024K, 26 young (26624K), 3 survivors (3072K)
 Metaspace       used 60345K, committed 60608K, reserved 1114112K
  class space    used 7050K, committed 7168K, reserved 1048576K
}
Event: 40.711 GC heap after
{Heap after GC invocations=31 (full 0):
 garbage-first heap   total 94208K, used 50132K [0x000000008ec00000, 0x0000000100000000)
  region size 1024K, 2 young (2048K), 2 survivors (2048K)
 Metaspace       used 60345K, committed 60608K, reserved 1114112K
  class space    used 7050K, committed 7168K, reserved 1048576K
}
Event: 42.860 GC heap before
{Heap before GC invocations=32 (full 0):
 garbage-first heap   total 94208K, used 73684K [0x000000008ec00000, 0x0000000100000000)
  region size 1024K, 25 young (25600K), 2 survivors (2048K)
 Metaspace       used 61431K, committed 61696K, reserved 1114112K
  class space    used 7059K, committed 7168K, reserved 1048576K
}
Event: 42.876 GC heap after
{Heap after GC invocations=33 (full 0):
 garbage-first heap   total 94208K, used 51782K [0x000000008ec00000, 0x0000000100000000)
  region size 1024K, 4 young (4096K), 4 survivors (4096K)
 Metaspace       used 61431K, committed 61696K, reserved 1114112K
  class space    used 7059K, committed 7168K, reserved 1048576K
}
Event: 42.897 GC heap before
{Heap before GC invocations=33 (full 0):
 garbage-first heap   total 94208K, used 51782K [0x000000008ec00000, 0x0000000100000000)
  region size 1024K, 5 young (5120K), 4 survivors (4096K)
 Metaspace       used 61432K, committed 61696K, reserved 1114112K
  class space    used 7059K, committed 7168K, reserved 1048576K
}
Event: 42.913 GC heap after
{Heap after GC invocations=34 (full 0):
 garbage-first heap   total 94208K, used 51714K [0x000000008ec00000, 0x0000000100000000)
  region size 1024K, 1 young (1024K), 1 survivors (1024K)
 Metaspace       used 61432K, committed 61696K, reserved 1114112K
  class space    used 7059K, committed 7168K, reserved 1048576K
}
Event: 43.959 GC heap before
{Heap before GC invocations=34 (full 0):
 garbage-first heap   total 94208K, used 73218K [0x000000008ec00000, 0x0000000100000000)
  region size 1024K, 23 young (23552K), 1 survivors (1024K)
 Metaspace       used 62122K, committed 62336K, reserved 1114112K
  class space    used 7115K, committed 7232K, reserved 1048576K
}
Event: 43.970 GC heap after
{Heap after GC invocations=35 (full 0):
 garbage-first heap   total 94208K, used 55160K [0x000000008ec00000, 0x0000000100000000)
  region size 1024K, 3 young (3072K), 3 survivors (3072K)
 Metaspace       used 62122K, committed 62336K, reserved 1114112K
  class space    used 7115K, committed 7232K, reserved 1048576K
}
Event: 44.888 GC heap before
{Heap before GC invocations=36 (full 0):
 garbage-first heap   total 99328K, used 75640K [0x000000008ec00000, 0x0000000100000000)
  region size 1024K, 23 young (23552K), 3 survivors (3072K)
 Metaspace       used 63042K, committed 63360K, reserved 1114112K
  class space    used 7205K, committed 7360K, reserved 1048576K
}
Event: 44.906 GC heap after
{Heap after GC invocations=37 (full 0):
 garbage-first heap   total 99328K, used 57375K [0x000000008ec00000, 0x0000000100000000)
  region size 1024K, 3 young (3072K), 3 survivors (3072K)
 Metaspace       used 63042K, committed 63360K, reserved 1114112K
  class space    used 7205K, committed 7360K, reserved 1048576K
}
Event: 44.962 GC heap before
{Heap before GC invocations=37 (full 0):
 garbage-first heap   total 99328K, used 58399K [0x000000008ec00000, 0x0000000100000000)
  region size 1024K, 4 young (4096K), 3 survivors (3072K)
 Metaspace       used 63051K, committed 63360K, reserved 1114112K
  class space    used 7206K, committed 7360K, reserved 1048576K
}

